2021-01-31 20:49:07,996 [Worker-6: Loading available Gradle versions] INFO  o.e.b.c.i.u.g.PublishedGradleVersions - Gradle version information cache is out-of-date. Trying to update.
2021-02-04 20:17:20,953 [Worker-2: Loading available Gradle versions] INFO  o.e.b.c.i.u.g.PublishedGradleVersions - Gradle version information cache is out-of-date. Trying to update.
2021-02-05 14:36:22,788 [Worker-6: Loading available Gradle versions] INFO  o.e.b.c.i.u.g.PublishedGradleVersions - Gradle version information cache is up-to-date. Trying to read.
2021-02-06 12:12:09,864 [Worker-5: Loading available Gradle versions] INFO  o.e.b.c.i.u.g.PublishedGradleVersions - Gradle version information cache is out-of-date. Trying to update.
2021-02-06 12:18:48,191 [Worker-6: Loading available Gradle versions] INFO  o.e.b.c.i.u.g.PublishedGradleVersions - Gradle version information cache is up-to-date. Trying to read.
2021-02-07 01:04:30,561 [Worker-6: Loading available Gradle versions] INFO  o.e.b.c.i.u.g.PublishedGradleVersions - Gradle version information cache is up-to-date. Trying to read.
2021-02-07 01:42:31,220 [Start Help Server] INFO  org.eclipse.jetty.util.log - Logging initialized @2299192ms to org.eclipse.jetty.util.log.Slf4jLog
2021-02-07 01:42:31,334 [Start Help Server] INFO  org.eclipse.jetty.server.Server - jetty-9.4.31.v20200723; built: 2020-08-03T13:24:06.825Z; git: 450ba27947e13e66baa8cd1ce7e85a4461cacc1d; jvm 15.0.1+9-18
2021-02-07 01:42:31,353 [Start Help Server] INFO  org.eclipse.jetty.server.session - DefaultSessionIdManager workerName=node0
2021-02-07 01:42:31,353 [Start Help Server] INFO  org.eclipse.jetty.server.session - No SessionScavenger set, using defaults
2021-02-07 01:42:31,355 [Start Help Server] INFO  org.eclipse.jetty.server.session - node0 Scavenging every 660000ms
2021-02-07 01:42:31,384 [Start Help Server] INFO  o.e.j.server.handler.ContextHandler - Started o.e.j.s.ServletContextHandler@6ff8c12d{/help,null,AVAILABLE}
2021-02-07 01:42:31,398 [Start Help Server] INFO  o.e.jetty.server.AbstractConnector - Started ServerConnector@3ecd904f{HTTP/1.1, (http/1.1)}{127.0.0.1:49580}
2021-02-07 01:42:31,398 [Start Help Server] INFO  org.eclipse.jetty.server.Server - Started @2299374ms
2021-02-07 01:42:31,398 [Start Help Server] INFO  org.eclipse.jetty.server.session - node0 Scavenging every 726000ms
2021-02-07 01:45:36,160 [Stop Help Server] INFO  o.e.jetty.server.AbstractConnector - Stopped ServerConnector@3ecd904f{HTTP/1.1, (http/1.1)}{127.0.0.1:0}
2021-02-07 01:45:36,160 [Stop Help Server] INFO  org.eclipse.jetty.server.session - node0 Stopped scavenging
2021-02-07 01:45:36,176 [Stop Help Server] INFO  o.e.j.server.handler.ContextHandler - Stopped o.e.j.s.ServletContextHandler@6ff8c12d{/help,null,UNAVAILABLE}
2021-02-07 01:45:53,659 [Worker-6: Loading available Gradle versions] INFO  o.e.b.c.i.u.g.PublishedGradleVersions - Gradle version information cache is up-to-date. Trying to read.
2021-02-07 01:57:45,854 [Worker-2: Loading available Gradle versions] INFO  o.e.b.c.i.u.g.PublishedGradleVersions - Gradle version information cache is up-to-date. Trying to read.
2021-10-23 14:44:18,310 [Worker-7: Loading available Gradle versions] INFO  o.e.b.c.i.u.g.PublishedGradleVersions - Gradle version information cache is up-to-date. Trying to read.
2021-11-23 20:26:26,107 [Worker-2: Loading available Gradle versions] INFO  o.e.b.c.i.u.g.PublishedGradleVersions - Gradle version information cache is up-to-date. Trying to read.
2021-11-23 20:27:13,465 [Worker-2: Loading available Gradle versions] INFO  o.e.b.c.i.u.g.PublishedGradleVersions - Gradle version information cache is up-to-date. Trying to read.
